##################################
# HA-Lizard version 2.3.3
##################################
#################################################################################################
#
# HA-Lizard - Open Source High Availability Framework for Xen Cloud Platform and XenServer
#
# Copyright Salvatore Costantino
# ha@pulsesupply.com
#
# This file is part of HA-Lizard.
#
#    HA-Lizard is free software: you can redistribute it and/or modify
#    it under the terms of the GNU General Public License as published by
#    the Free Software Foundation, either version 3 of the License, or
#    (at your option) any later version.
#
#    HA-Lizard is distributed in the hope that it will be useful,
#    but WITHOUT ANY WARRANTY; without even the implied warranty of
#    MERCHANTABILITY or FITNESS FOR A PARTICULAR PURPOSE.  See the
#    GNU General Public License for more details.
#
#    You should have received a copy of the GNU General Public License
#    along with HA-Lizard.  If not, see <http://www.gnu.org/licenses/>.
#
##################################################################################################
usage: ssh [-1246AaCfgkMNnqsTtVvXxY] [-b bind_address] [-c cipher_spec]
           [-D [bind_address:]port] [-e escape_char] [-F configfile]
           [-i identity_file] [-L [bind_address:]port:host:hostport]
           [-l login_name] [-m mac_spec] [-O ctl_cmd] [-o option] [-p port]
           [-R [bind_address:]port:host:hostport] [-S ctl_path]
           [-w tunnel:tunnel] [user@]hostname [command]
